{
  "0 debug pnpm:scope": {
    "selected": 1
  },
  "1 info pnpm": {
    "err": {
      "name": "Error",
      "message": "not found: intsall",
      "code": "ENOENT",
      "stack": "Error: not found: intsall\n    at getNotFoundError (/Users/xiaofanqie/.node/corepack/pnpm/7.5.0/dist/pnpm.cjs:21148:51)\n    at Function.whichSync [as sync] (/Users/xiaofanqie/.node/corepack/pnpm/7.5.0/dist/pnpm.cjs:21225:13)\n    at getCommandAbsolutePathSync (/Users/xiaofanqie/.node/corepack/pnpm/7.5.0/dist/pnpm.cjs:22903:44)\n    at default_1 (/Users/xiaofanqie/.node/corepack/pnpm/7.5.0/dist/pnpm.cjs:22912:32)\n    at /Users/xiaofanqie/.node/corepack/pnpm/7.5.0/dist/pnpm.cjs:184716:39"
    }
  },
  "2 error pnpm": {
    "code": "ERR_PNPM_RECURSIVE_EXEC_FIRST_FAIL",
    "prefix": "/Users/xiaofanqie/Downloads/h5app2/h5app2",
    "err": {
      "name": "pnpm",
      "message": "not found: intsall",
      "code": "ERR_PNPM_RECURSIVE_EXEC_FIRST_FAIL",
      "stack": "Error: not found: intsall\n    at getNotFoundError (/Users/xiaofanqie/.node/corepack/pnpm/7.5.0/dist/pnpm.cjs:21148:51)\n    at Function.whichSync [as sync] (/Users/xiaofanqie/.node/corepack/pnpm/7.5.0/dist/pnpm.cjs:21225:13)\n    at getCommandAbsolutePathSync (/Users/xiaofanqie/.node/corepack/pnpm/7.5.0/dist/pnpm.cjs:22903:44)\n    at default_1 (/Users/xiaofanqie/.node/corepack/pnpm/7.5.0/dist/pnpm.cjs:22912:32)\n    at /Users/xiaofanqie/.node/corepack/pnpm/7.5.0/dist/pnpm.cjs:184716:39"
    }
  }
}